Looking for git in: git
Using git 2.17.1 from git
> git rev-parse --show-toplevel
> git rev-parse --git-dir
Open repository: /home/tinega
> git status -z -u
> git show :Documents/moringa-school-projects/-hello-world-/hello-world.html
> git ls-files --stage -- /home/tinega/Documents/moringa-school-projects/-hello-world-/hello-world.html
> git check-ignore -v -z --stdin
> git symbolic-ref --short HEAD
> git rev-parse master
fatal: ambiguous argument 'master': unknown revision or path not in the working tree.
Use '--' to separate paths from revisions, like this:
'git <command> [<revision>...] -- [<file>...]'
> git for-each-ref --format %(refname) %(objectname) --sort -committerdate
> git remote --verbose
> git config --get commit.template
> git check-ignore -v -z --stdin
> git show :Documents/moringa-school-projects/cookie-recipe/cookie-recipe.html
> git ls-files --stage -- /home/tinega/Documents/moringa-school-projects/cookie-recipe/cookie-recipe.html
> git status -z -u
> git symbolic-ref --short HEAD
> git rev-parse master
fatal: ambiguous argument 'master': unknown revision or path not in the working tree.
Use '--' to separate paths from revisions, like this:
'git <command> [<revision>...] -- [<file>...]'
> git for-each-ref --format %(refname) %(objectname) --sort -committerdate
> git remote --verbose
> git config --get commit.template
> git show :Documents/moringa-school-projects/cookie-recipe/cookie-recipe.html
> git ls-files --stage -- /home/tinega/Documents/moringa-school-projects/cookie-recipe/cookie-recipe.html
> git show :Documents/moringa-school-projects/cookie-recipe/cookie-recipe.html
> git ls-files --stage -- /home/tinega/Documents/moringa-school-projects/cookie-recipe/cookie-recipe.html
> git show :Documents/moringa-school-projects/cookie-recipe/cookie-recipe.html
> git ls-files --stage -- /home/tinega/Documents/moringa-school-projects/cookie-recipe/cookie-recipe.html
> git status -z -u
> git symbolic-ref --short HEAD
> git rev-parse master
fatal: ambiguous argument 'master': unknown revision or path not in the working tree.
Use '--' to separate paths from revisions, like this:
'git <command> [<revision>...] -- [<file>...]'
> git for-each-ref --format %(refname) %(objectname) --sort -committerdate
> git remote --verbose
> git config --get commit.template
> git check-ignore -v -z --stdin
